<?xml version="1.0" encoding="UTF-8"?>
<testsuite name="chapter_02.item3.mocktest.TopTest" tests="2" skipped="0" failures="0" errors="0" timestamp="2023-01-29T11:18:42" hostname="gimseol-yeong-ui-MacBookPro.local" time="0.005">
  <properties/>
  <testcase name="Top2 객체에 대해 독립적인 테스트를 할 수 있습니다." classname="chapter_02.item3.mocktest.TopTest" time="0.002"/>
  <testcase name="Top 객체에 대해 독립적인 테스트를 할 수 없습니다." classname="chapter_02.item3.mocktest.TopTest" time="0.002"/>
  <system-out><![CDATA[티모가 독침을 쏩니다.
티모가 찢겼습니다.
판다 티모가 독침을 쏩니다.
판다 티모가 찢겼습니다.
]]></system-out>
  <system-err><![CDATA[]]></system-err>
</testsuite>
