<?xml version="1.0" encoding="UTF-8"?>
<testsuite name="chapter_02.item3.GenericSingletonFactoryTest" tests="1" skipped="0" failures="0" errors="0" timestamp="2022-12-09T06:23:36" hostname="gimseol-yeong-ui-MacBookPro.local" time="0.104">
  <properties/>
  <testcase name="genericTest()" classname="chapter_02.item3.GenericSingletonFactoryTest" time="0.104"/>
  <system-out><![CDATA[[123456, 이게 된다고?, chapter_02.item3.Lee@74a6f9c1, chapter_02.item3.Kim@37e4d7bb]
[123456, 이게 된다고?, chapter_02.item3.Lee@74a6f9c1, chapter_02.item3.Kim@37e4d7bb]
]]></system-out>
  <system-err><![CDATA[]]></system-err>
</testsuite>
