<?xml version="1.0" encoding="UTF-8"?>
<testsuite name="item3.LeeTest" tests="2" skipped="0" failures="0" errors="0" timestamp="2022-11-07T08:53:37" hostname="gimseol-yeong-ui-MacBookPro.local" time="0.004">
  <properties/>
  <testcase name="공급자로 사용하기" classname="item3.LeeTest" time="0.0"/>
  <testcase name="싱글톤이 유지된다" classname="item3.LeeTest" time="0.001"/>
  <system-out><![CDATA[]]></system-out>
  <system-err><![CDATA[]]></system-err>
</testsuite>
