<?xml version="1.0" encoding="UTF-8"?>
<testsuite name="item3.SerializeTest" tests="2" skipped="0" failures="0" errors="0" timestamp="2022-11-07T08:53:37" hostname="gimseol-yeong-ui-MacBookPro.local" time="0.016">
  <properties/>
  <testcase name="싱글톤이 유지된다." classname="item3.SerializeTest" time="0.011"/>
  <testcase name="싱글톤이 유지되지 않는다" classname="item3.SerializeTest" time="0.003"/>
  <system-out><![CDATA[[싱글톤이 유지되는 경우] instance == result : true
[싱글톤이 유지되는 경우] instance.equals(result) : true
[싱글톤이 유지되지 않는 경우] instance == result : false
[싱글톤이 유지되지 않는 경우] instance.equals(result) : false
]]></system-out>
  <system-err><![CDATA[]]></system-err>
</testsuite>
