<?xml version="1.0" encoding="UTF-8"?>
<testsuite name="item3.SerializeTest" tests="2" skipped="0" failures="0" errors="0" timestamp="2022-10-23T14:36:42" hostname="gimseol-yeong-ui-MacBookPro.local" time="0.081">
  <properties/>
  <testcase name="싱글톤이 유지된다." classname="item3.SerializeTest" time="0.075"/>
  <testcase name="싱글톤이 유지되지 않는다" classname="item3.SerializeTest" time="0.005"/>
  <system-out><![CDATA[true
true
false
false
]]></system-out>
  <system-err><![CDATA[]]></system-err>
</testsuite>
