<?xml version="1.0" encoding="UTF-8"?>
<testsuite name="item5.di.MacBookTest" tests="1" skipped="0" failures="0" errors="0" timestamp="2022-11-07T08:53:37" hostname="gimseol-yeong-ui-MacBookPro.local" time="0.003">
  <properties/>
  <testcase name="diTest()" classname="item5.di.MacBookTest" time="0.003"/>
  <system-out><![CDATA[]]></system-out>
  <system-err><![CDATA[]]></system-err>
</testsuite>
